Connecting to database specified by database.yml
Compiled jquery.js  (5ms)  (pid 2126)
Compiled jquery_ujs.js  (0ms)  (pid 2126)
Compiled twitter/bootstrap/bootstrap-transition.js  (0ms)  (pid 2126)
Compiled twitter/bootstrap/bootstrap-alert.js  (0ms)  (pid 2126)
Compiled twitter/bootstrap/bootstrap-modal.js  (0ms)  (pid 2126)
Compiled twitter/bootstrap/bootstrap-dropdown.js  (0ms)  (pid 2126)
Compiled twitter/bootstrap/bootstrap-scrollspy.js  (0ms)  (pid 2126)
Compiled twitter/bootstrap/bootstrap-tab.js  (0ms)  (pid 2126)
Compiled twitter/bootstrap/bootstrap-tooltip.js  (0ms)  (pid 2126)
Compiled twitter/bootstrap/bootstrap-popover.js  (0ms)  (pid 2126)
Compiled twitter/bootstrap/bootstrap-button.js  (0ms)  (pid 2126)
Compiled twitter/bootstrap/bootstrap-collapse.js  (0ms)  (pid 2126)
Compiled twitter/bootstrap/bootstrap-carousel.js  (0ms)  (pid 2126)
Compiled twitter/bootstrap/bootstrap-typeahead.js  (0ms)  (pid 2126)
Compiled twitter/bootstrap/bootstrap-affix.js  (0ms)  (pid 2126)
Compiled twitter/bootstrap.js  (44ms)  (pid 2126)
Compiled bootstrap.js  (97ms)  (pid 2126)
Compiled branches.js  (0ms)  (pid 2126)
Compiled courses.js  (0ms)  (pid 2126)
Compiled exams.js  (0ms)  (pid 2126)
Compiled home.js  (0ms)  (pid 2126)
Compiled questions.js  (0ms)  (pid 2126)
Compiled subjects.js  (0ms)  (pid 2126)
Compiled users.js  (0ms)  (pid 2126)
Compiled application.js  (202ms)  (pid 2126)
Compiled bootstrap_and_overrides.css  (600ms)  (pid 2126)
Compiled branches.css  (38ms)  (pid 2126)
Compiled courses.css  (1ms)  (pid 2126)
Compiled exams.css  (0ms)  (pid 2126)
Compiled home.css  (0ms)  (pid 2126)
Compiled questions.css  (0ms)  (pid 2126)
Compiled scaffolds.css  (8ms)  (pid 2126)
Compiled subjects.css  (0ms)  (pid 2126)
Compiled users.css  (0ms)  (pid 2126)
Compiled application.css  (698ms)  (pid 2126)
Compiled jquery.js  (5ms)  (pid 2126)
Compiled jquery_ujs.js  (0ms)  (pid 2126)
Compiled twitter/bootstrap/bootstrap-transition.js  (0ms)  (pid 2126)
Compiled twitter/bootstrap/bootstrap-alert.js  (0ms)  (pid 2126)
Compiled twitter/bootstrap/bootstrap-modal.js  (0ms)  (pid 2126)
Compiled twitter/bootstrap/bootstrap-dropdown.js  (0ms)  (pid 2126)
Compiled twitter/bootstrap/bootstrap-scrollspy.js  (0ms)  (pid 2126)
Compiled twitter/bootstrap/bootstrap-tab.js  (0ms)  (pid 2126)
Compiled twitter/bootstrap/bootstrap-tooltip.js  (0ms)  (pid 2126)
Compiled twitter/bootstrap/bootstrap-popover.js  (0ms)  (pid 2126)
Compiled twitter/bootstrap/bootstrap-button.js  (0ms)  (pid 2126)
Compiled twitter/bootstrap/bootstrap-collapse.js  (0ms)  (pid 2126)
Compiled twitter/bootstrap/bootstrap-carousel.js  (0ms)  (pid 2126)
Compiled twitter/bootstrap/bootstrap-typeahead.js  (0ms)  (pid 2126)
Compiled twitter/bootstrap/bootstrap-affix.js  (0ms)  (pid 2126)
Compiled twitter/bootstrap.js  (44ms)  (pid 2126)
Compiled bootstrap.js  (71ms)  (pid 2126)
Compiled branches.js  (0ms)  (pid 2126)
Compiled courses.js  (0ms)  (pid 2126)
Compiled exams.js  (0ms)  (pid 2126)
Compiled home.js  (0ms)  (pid 2126)
Compiled questions.js  (0ms)  (pid 2126)
Compiled subjects.js  (0ms)  (pid 2126)
Compiled users.js  (0ms)  (pid 2126)
Compiled application.js  (175ms)  (pid 2126)
Compiled bootstrap_and_overrides.css  (354ms)  (pid 2126)
Compiled branches.css  (3ms)  (pid 2126)
Compiled courses.css  (0ms)  (pid 2126)
Compiled exams.css  (0ms)  (pid 2126)
Compiled home.css  (0ms)  (pid 2126)
Compiled questions.css  (0ms)  (pid 2126)
Compiled scaffolds.css  (9ms)  (pid 2126)
Compiled subjects.css  (0ms)  (pid 2126)
Compiled users.css  (0ms)  (pid 2126)
Compiled application.css  (417ms)  (pid 2126)
